{"/media/diego/HDD/Diego/proyectos/proyecto TrasporTracking/TrasporTracking-V2/app/model/Coordenada.js": {"path":"/media/diego/HDD/Diego/proyectos/proyecto TrasporTracking/TrasporTracking-V2/app/model/Coordenada.js","statementMap":{"0":{"start":{"line":4,"column":17},"end":{"line":4,"column":47}},"1":{"start":{"line":7,"column":17},"end":{"line":7,"column":23}},"2":{"start":{"line":8,"column":13},"end":{"line":8,"column":19}},"3":{"start":{"line":9,"column":12},"end":{"line":9,"column":18}},"4":{"start":{"line":11,"column":4},"end":{"line":11,"column":37}},"5":{"start":{"line":12,"column":4},"end":{"line":12,"column":29}},"6":{"start":{"line":13,"column":4},"end":{"line":13,"column":27}},"7":{"start":{"line":17,"column":18},"end":{"line":22,"column":8}},"8":{"start":{"line":21,"column":8},"end":{"line":21,"column":53}},"9":{"start":{"line":24,"column":4},"end":{"line":24,"column":19}}},"fnMap":{"0":{"name":"(anonymous_0)","decl":{"start":{"line":10,"column":2},"end":{"line":10,"column":3}},"loc":{"start":{"line":10,"column":47},"end":{"line":14,"column":3}},"line":10},"1":{"name":"(anonymous_1)","decl":{"start":{"line":16,"column":2},"end":{"line":16,"column":3}},"loc":{"start":{"line":16,"column":30},"end":{"line":25,"column":3}},"line":16},"2":{"name":"(anonymous_2)","decl":{"start":{"line":20,"column":13},"end":{"line":20,"column":14}},"loc":{"start":{"line":20,"column":24},"end":{"line":22,"column":7}},"line":20}},"branchMap":{},"s":{"0":1,"1":1,"2":1,"3":1,"4":1,"5":1,"6":1,"7":1,"8":0,"9":1},"f":{"0":1,"1":1,"2":0},"b":{},"_coverageSchema":"1a1c01bbd47fc00a2c39e90264f33305004495a9","hash":"5261d1efb1d391809e2621706a04db539ac15706"}
,"/media/diego/HDD/Diego/proyectos/proyecto TrasporTracking/TrasporTracking-V2/app/utils/Firebase.js": {"path":"/media/diego/HDD/Diego/proyectos/proyecto TrasporTracking/TrasporTracking-V2/app/utils/Firebase.js","statementMap":{"0":{"start":{"line":3,"column":23},"end":{"line":12,"column":1}},"1":{"start":{"line":14,"column":27},"end":{"line":14,"column":65}}},"fnMap":{},"branchMap":{},"s":{"0":1,"1":1},"f":{},"b":{},"_coverageSchema":"1a1c01bbd47fc00a2c39e90264f33305004495a9","hash":"76cde0f33c9c75941a27a4769eb5abdf27b58b90"}
}
